2018-12-19 15:07:45,011 INFO  [Log] **************************************************************************************** 
2018-12-19 15:07:45,011 INFO  [Log] **************************************************************************************** 
2018-12-19 15:07:45,011 INFO  [Log] $$$$$$$$$$$$$$$$$$$$$                 tc_shoppingCartTesting       $$$$$$$$$$$$$$$$$$$$$$$$$ 
2018-12-19 15:07:45,012 INFO  [Log] **************************************************************************************** 
2018-12-19 15:07:45,012 INFO  [Log] **************************************************************************************** 
2018-12-19 15:07:56,262 INFO  [Log] Opening Browser: FF 
2018-12-19 15:07:56,322 INFO  [Log] Searching for Item: TV 
2018-12-19 15:07:57,731 INFO  [Log] Qty added to cart: 3 
2018-12-19 15:07:59,262 INFO  [Log] customerName: Brett 
2018-12-19 15:07:59,341 INFO  [Log] customerCity: MANHATTAN 
2018-12-19 15:07:59,373 INFO  [Log] customerState: NY 
2018-12-19 15:08:00,592 INFO  [Log] orderConfirmation: Thank you for ordering with us! 
2018-12-19 15:08:02,455 INFO  [Log] XXXXXXXXXXXXXXXXXXXXXXX             -E---N---D-             XXXXXXXXXXXXXXXXXXXXXX 
2018-12-19 15:08:02,455 INFO  [Log]   
2018-12-19 15:08:02,455 INFO  [Log]   
2018-12-19 15:08:02,455 INFO  [Log]   
2018-12-19 15:08:02,455 INFO  [Log] ----------------------- 
2018-12-19 15:08:02,912 INFO  [Log] **************************************************************************************** 
2018-12-19 15:08:02,912 INFO  [Log] **************************************************************************************** 
2018-12-19 15:08:02,912 INFO  [Log] $$$$$$$$$$$$$$$$$$$$$                 tc_shoppingCartTesting       $$$$$$$$$$$$$$$$$$$$$$$$$ 
2018-12-19 15:08:02,912 INFO  [Log] **************************************************************************************** 
2018-12-19 15:08:02,912 INFO  [Log] **************************************************************************************** 
2018-12-19 15:08:08,478 INFO  [Log] Opening Browser: Chrome 
2018-12-19 15:08:08,622 INFO  [Log] Searching for Item: Canon 
2018-12-19 15:08:09,876 INFO  [Log] Qty added to cart: 4 
2018-12-19 15:08:11,436 INFO  [Log] customerName: Christene 
2018-12-19 15:08:11,786 INFO  [Log] customerCity: ALPHARETTA 
2018-12-19 15:08:11,908 INFO  [Log] customerState: GA 
2018-12-19 15:08:14,441 INFO  [Log] orderConfirmation: Thank you for ordering with us! 
2018-12-19 15:08:15,138 INFO  [Log] XXXXXXXXXXXXXXXXXXXXXXX             -E---N---D-             XXXXXXXXXXXXXXXXXXXXXX 
2018-12-19 15:08:15,138 INFO  [Log]   
2018-12-19 15:08:15,138 INFO  [Log]   
2018-12-19 15:08:15,138 INFO  [Log]   
2018-12-19 15:08:15,138 INFO  [Log] ----------------------- 
